#
# There is insufficient memory for the Java Runtime Environment to continue.
# Native memory allocation (mmap) failed to map 134217728 bytes for G1 virtual space
# Possible reasons:
#   The system is out of physical RAM or swap space
#   The process is running with CompressedOops enabled, and the Java Heap may be blocking the growth of the native heap
# Possible solutions:
#   Reduce memory load on the system
#   Increase physical memory or swap space
#   Check if swap backing store is full
#   Decrease Java heap size (-Xmx/-Xms)
#   Decrease number of Java threads
#   Decrease Java thread stack sizes (-Xss)
#   Set larger code cache with -XX:ReservedCodeCacheSize=
#   JVM is running with Unscaled Compressed Oops mode in which the Java heap is
#     placed in the first 4GB address space. The Java Heap base address is the
#     maximum limit for the native heap growth. Please use -XX:HeapBaseMinAddress
#     to set the Java Heap base and to place the Java Heap above 4GB virtual address.
# This output file may be truncated or incomplete.
#
#  Out of Memory Error (os_windows.cpp:3600), pid=9544, tid=2448
#
# JRE version:  (21.0.1+12) (build )
# Java VM: Java HotSpot(TM) 64-Bit Server VM (21.0.1+12-LTS-29, mixed mode, sharing, tiered, compressed oops, compressed class ptrs, g1 gc, windows-amd64)
# No core dump will be written. Minidumps are not enabled by default on client versions of Windows
#

---------------  S U M M A R Y ------------

Command Line: -Dfile.encoding=UTF-8 -Dstdout.encoding=UTF-8 -Dstderr.encoding=UTF-8 --module-path=D:\CS-322-Software Construction\Java Project\bankingdbms\bin -XX:+ShowCodeDetailsInExceptionMessages -Djdk.module.main=bankingdbms bankingdbms/bankingdbms.SignupThree

Host: Intel(R) Core(TM) i5-7300U CPU @ 2.60GHz, 4 cores, 7G,  Windows 10 , 64 bit Build 19041 (10.0.19041.3636)
Time: Mon Jun 24 00:07:45 2024 Pakistan Standard Time elapsed time: 0.022872 seconds (0d 0h 0m 0s)

---------------  T H R E A D  ---------------

Current thread (0x000001ff1c6dd6e0):  JavaThread "Unknown thread" [_thread_in_vm, id=2448, stack(0x000000acf9400000,0x000000acf9500000) (1024K)]

Stack: [0x000000acf9400000,0x000000acf9500000]
Native frames: (J=compiled Java code, j=interpreted, Vv=VM code, C=native code)
V  [jvm.dll+0x6c9029]
V  [jvm.dll+0x854b81]
V  [jvm.dll+0x856e5e]
V  [jvm.dll+0x857543]
V  [jvm.dll+0x280c06]
V  [jvm.dll+0x6c5715]
V  [jvm.dll+0x6ba10a]
V  [jvm.dll+0x3557ea]
V  [jvm.dll+0x35d436]
V  [jvm.dll+0x3ae1be]
V  [jvm.dll+0x3ae468]
V  [jvm.dll+0x3291fc]
V  [jvm.dll+0x329d8b]
V  [jvm.dll+0x81d179]
V  [jvm.dll+0x3bb4f1]
V  [jvm.dll+0x805ae8]
V  [jvm.dll+0x44effe]
V  [jvm.dll+0x450901]
C  [jli.dll+0x52a3]
C  [ucrtbase.dll+0x21bb2]
C  [KERNEL32.DLL+0x17344]
C  [ntdll.dll+0x4cc91]


---------------  P R O C E S S  ---------------

Threads class SMR info:
_java_thread_list=0x00007ffe66919b88, length=0, elements={
}

Java Threads: ( => current thread )
Total: 0

Other Threads:
  0x000001ff1c72de10 WorkerThread "GC Thread#0"                     [id=14792, stack(0x000000acf9500000,0x000000acf9600000) (1024K)]
  0x000001ff1c7406a0 ConcurrentGCThread "G1 Main Marker"            [id=18772, stack(0x000000acf9600000,0x000000acf9700000) (1024K)]
  0x000001ff1c7410b0 WorkerThread "G1 Conc#0"                       [id=10808, stack(0x000000acf9700000,0x000000acf9800000) (1024K)]

[error occurred during error reporting (printing all threads), id 0xc0000005, EXCEPTION_ACCESS_VIOLATION (0xc0000005) at pc=0x00007ffe6608c2c7]
VM state: not at safepoint (not fully initialized)

VM Mutex/Monitor currently owned by a thread:  ([mutex/lock_event])
[0x00007ffe6698a6f8] Heap_lock - owner thread: 0x000001ff1c6dd6e0

Heap address: 0x0000000081e00000, size: 2018 MB, Compressed Oops mode: 32-bit

CDS archive(s) mapped at: [0x0000000000000000-0x0000000000000000-0x0000000000000000), size 0, SharedBaseAddress: 0x0000000800000000, ArchiveRelocationMode: 1.
Narrow klass base: 0x0000000000000000, Narrow klass shift: 0, Narrow klass range: 0x0

GC Precious Log:
 CardTable entry size: 512
 Card Set container configuration: InlinePtr #cards 5 size 8 Array Of Cards #cards 12 size 40 Howl #buckets 4 coarsen threshold 1843 Howl Bitmap #cards 512 size 80 coarsen threshold 460 Card regions per heap region 1 cards per card region 2048

Heap:
 garbage-first heap   total 0K, used 0K [0x0000000081e00000, 0x0000000100000000)
  region size 1024K, 0 young (0K), 0 survivors (0K)

[error occurred during error reporting (printing heap information), id 0xc0000005, EXCEPTION_ACCESS_VIOLATION (0xc0000005) at pc=0x00007ffe66471be9]
GC Heap History (0 events):
No events

Dll operation events (1 events):
Event: 0.012 Loaded shared library C:\Program Files\Java\jdk-21\bin\java.dll

Deoptimization events (0 events):
No events

Classes loaded (0 events):
No events

Classes unloaded (0 events):
No events

Classes redefined (0 events):
No events

Internal exceptions (0 events):
No events

ZGC Phase Switch (0 events):
No events

VM Operations (0 events):
No events

Events (0 events):
No events


Dynamic libraries:
0x00007ff6839c0000 - 0x00007ff6839d0000 	C:\Program Files\Java\jdk-21\bin\javaw.exe
0x00007ffeb37b0000 - 0x00007ffeb39a8000 	C:\WINDOWS\SYSTEM32\ntdll.dll
0x00007ffeb2ad0000 - 0x00007ffeb2b8d000 	C:\WINDOWS\System32\KERNEL32.DLL
0x00007ffeb13a0000 - 0x00007ffeb1696000 	C:\WINDOWS\System32\KERNELBASE.dll
0x00007ffeb1070000 - 0x00007ffeb1170000 	C:\WINDOWS\System32\ucrtbase.dll
0x00007ffea7fe0000 - 0x00007ffea7ff9000 	C:\Program Files\Java\jdk-21\bin\jli.dll
0x00007ffea8830000 - 0x00007ffea884b000 	C:\Program Files\Java\jdk-21\bin\VCRUNTIME140.dll
0x00007ffeb3660000 - 0x00007ffeb3710000 	C:\WINDOWS\System32\ADVAPI32.dll
0x00007ffeb35a0000 - 0x00007ffeb363e000 	C:\WINDOWS\System32\msvcrt.dll
0x00007ffeb2970000 - 0x00007ffeb2a10000 	C:\WINDOWS\System32\sechost.dll
0x00007ffeb17f0000 - 0x00007ffeb1913000 	C:\WINDOWS\System32\RPCRT4.dll
0x00007ffeb1370000 - 0x00007ffeb1397000 	C:\WINDOWS\System32\bcrypt.dll
0x00007ffeb1920000 - 0x00007ffeb1abf000 	C:\WINDOWS\System32\USER32.dll
0x00007ffeb1170000 - 0x00007ffeb1192000 	C:\WINDOWS\System32\win32u.dll
0x00007ffeb2aa0000 - 0x00007ffeb2acb000 	C:\WINDOWS\System32\GDI32.dll
0x00007ffeb0e70000 - 0x00007ffeb0f87000 	C:\WINDOWS\System32\gdi32full.dll
0x00007ffeb16a0000 - 0x00007ffeb173d000 	C:\WINDOWS\System32\msvcp_win.dll
0x00007ffe935d0000 - 0x00007ffe9386a000 	C:\WINDOWS\WinSxS\amd64_microsoft.windows.common-controls_6595b64144ccf1df_6.0.19041.4355_none_60b8b9eb71f62e16\COMCTL32.dll
0x00007ffea6c90000 - 0x00007ffea6c9a000 	C:\WINDOWS\SYSTEM32\VERSION.dll
0x00007ffeb1cb0000 - 0x00007ffeb1cdf000 	C:\WINDOWS\System32\IMM32.DLL
0x00007ffea8fa0000 - 0x00007ffea8fac000 	C:\Program Files\Java\jdk-21\bin\vcruntime140_1.dll
0x00007ffe7d3e0000 - 0x00007ffe7d46e000 	C:\Program Files\Java\jdk-21\bin\msvcp140.dll
0x00007ffe65d50000 - 0x00007ffe66a65000 	C:\Program Files\Java\jdk-21\bin\server\jvm.dll
0x00007ffeb2ba0000 - 0x00007ffeb2c0b000 	C:\WINDOWS\System32\WS2_32.dll
0x00007ffe85290000 - 0x00007ffe852b7000 	C:\WINDOWS\SYSTEM32\WINMM.dll
0x00007ffeb0cc0000 - 0x00007ffeb0d0b000 	C:\WINDOWS\SYSTEM32\POWRPROF.dll
0x00007ffeb0ca0000 - 0x00007ffeb0cb2000 	C:\WINDOWS\SYSTEM32\UMPDC.dll
0x00007ffeaf6d0000 - 0x00007ffeaf6e2000 	C:\WINDOWS\SYSTEM32\kernel.appcore.dll
0x00007ffea8820000 - 0x00007ffea882a000 	C:\Program Files\Java\jdk-21\bin\jimage.dll
0x00007ffeaabc0000 - 0x00007ffeaada4000 	C:\WINDOWS\SYSTEM32\DBGHELP.DLL
0x00007ffea6c50000 - 0x00007ffea6c84000 	C:\WINDOWS\SYSTEM32\dbgcore.DLL
0x00007ffeb0fe0000 - 0x00007ffeb1062000 	C:\WINDOWS\System32\bcryptPrimitives.dll
0x00007ffea4db0000 - 0x00007ffea4dcf000 	C:\Program Files\Java\jdk-21\bin\java.dll

dbghelp: loaded successfully - version: 4.0.5 - missing functions: none
symbol engine: initialized successfully - sym options: 0x614 - pdb path: .;C:\Program Files\Java\jdk-21\bin;C:\WINDOWS\SYSTEM32;C:\WINDOWS\WinSxS\amd64_microsoft.windows.common-controls_6595b64144ccf1df_6.0.19041.4355_none_60b8b9eb71f62e16;C:\Program Files\Java\jdk-21\bin\server

VM Arguments:
jvm_args: -Dfile.encoding=UTF-8 -Dstdout.encoding=UTF-8 -Dstderr.encoding=UTF-8 --module-path=D:\CS-322-Software Construction\Java Project\bankingdbms\bin -XX:+ShowCodeDetailsInExceptionMessages -Djdk.module.main=bankingdbms 
java_command: bankingdbms/bankingdbms.SignupThree
java_class_path (initial): D:\CS-322-Software Construction\Java Project\bankingdbms\Libraries\jcalendar-1.4\lib\jcalendar-1.4.jar;D:\CS-322-Software Construction\Java Project\bankingdbms\Libraries\ojdbc11.jar
Launcher Type: SUN_STANDARD

[Global flags]
     intx CICompilerCount                          = 3                                         {product} {ergonomic}
     uint ConcGCThreads                            = 1                                         {product} {ergonomic}
     uint G1ConcRefinementThreads                  = 4                                         {product} {ergonomic}
   size_t G1HeapRegionSize                         = 1048576                                   {product} {ergonomic}
    uintx GCDrainStackTargetSize                   = 64                                        {product} {ergonomic}
   size_t InitialHeapSize                          = 134217728                                 {product} {ergonomic}
   size_t MarkStackSize                            = 4194304                                   {product} {ergonomic}
   size_t MaxHeapSize                              = 2116026368                                {product} {ergonomic}
   size_t MinHeapDeltaBytes                        = 1048576                                   {product} {ergonomic}
   size_t MinHeapSize                              = 8388608                                   {product} {ergonomic}
    uintx NonNMethodCodeHeapSize                   = 5832780                                {pd product} {ergonomic}
    uintx NonProfiledCodeHeapSize                  = 122912730                              {pd product} {ergonomic}
    uintx ProfiledCodeHeapSize                     = 122912730                              {pd product} {ergonomic}
    uintx ReservedCodeCacheSize                    = 251658240                              {pd product} {ergonomic}
     bool SegmentedCodeCache                       = true                                      {product} {ergonomic}
     bool ShowCodeDetailsInExceptionMessages       = true                                   {manageable} {command line}
   size_t SoftMaxHeapSize                          = 2116026368                             {manageable} {ergonomic}
     bool UseCompressedOops                        = true                           {product lp64_product} {ergonomic}
     bool UseG1GC                                  = true                                      {product} {ergonomic}
     bool UseLargePagesIndividualAllocation        = false                                  {pd product} {ergonomic}

Logging:
Log output configuration:
 #0: stdout all=warning uptime,level,tags foldmultilines=false
 #1: stderr all=off uptime,level,tags foldmultilines=false

Environment Variables:
JAVA_HOME=C:\Program Files\Java\jdk-21
PATH=C:/Users/HP/Downloads/eclipse//plugins/org.eclipse.justj.openjdk.hotspot.jre.full.win32.x86_64_17.0.9.v20231028-0858/jre/bin/server;C:/Users/HP/Downloads/eclipse//plugins/org.eclipse.justj.openjdk.hotspot.jre.full.win32.x86_64_17.0.9.v20231028-0858/jre/bin;C:\app\HP\product\21c\dbhomeXE\bin;C:\Program Files\Common Files\Oracle\Java\javapath;C:\WINDOWS\system32;C:\WINDOWS;C:\WINDOWS\System32\Wbem;C:\WINDOWS\System32\WindowsPowerShell\v1.0\;C:\WINDOWS\System32\OpenSSH\;C:\Program Files\nodejs\;C:\Program Files\Git\cmd;C:\Program Files\Git\mingw64\bin;C:\Program Files\Git\usr\bin;C:\Program Files\MySQL\MySQL Shell 8.0\bin\;C:\Users\HP\AppData\Local\Programs\Python\Python312\Scripts\;C:\Users\HP\AppData\Local\Programs\Python\Python312\;C:\Users\HP\AppData\Local\Microsoft\WindowsApps;;C:\Users\HP\AppData\Local\Programs\Microsoft VS Code\bin;C:\Users\HP\AppData\Roaming\npm;C:\xampp\php;C:\Users\HP\AppData\Local\ComposerSetup\bin;C:\Users\HP\AppData\Roaming\Composer\vendor\bin;C:\Users\HP\Downloads\eclipse;
USERNAME=HP
OS=Windows_NT
PROCESSOR_IDENTIFIER=Intel64 Family 6 Model 142 Stepping 9, GenuineIntel
TMP=C:\Users\HP\AppData\Local\Temp
TEMP=C:\Users\HP\AppData\Local\Temp




Periodic native trim disabled

---------------  S Y S T E M  ---------------

OS:
 Windows 10 , 64 bit Build 19041 (10.0.19041.3636)
OS uptime: 3 days 5:08 hours

CPU: total 4 (initial active 4) (2 cores per cpu, 2 threads per core) family 6 model 142 stepping 9 microcode 0xca, cx8, cmov, fxsr, ht, mmx, 3dnowpref, sse, sse2, sse3, ssse3, sse4.1, sse4.2, popcnt, lzcnt, tsc, tscinvbit, avx, avx2, aes, erms, clmul, bmi1, bmi2, rtm, adx, fma, vzeroupper, clflush, clflushopt, rdtscp, f16c
Processor Information for processor 0
  Max Mhz: 2712, Current Mhz: 1406, Mhz Limit: 2603
Processor Information for processor 1
  Max Mhz: 2712, Current Mhz: 1406, Mhz Limit: 2603
Processor Information for processor 2
  Max Mhz: 2712, Current Mhz: 2611, Mhz Limit: 2603
Processor Information for processor 3
  Max Mhz: 2712, Current Mhz: 2611, Mhz Limit: 2603

Memory: 4k page, system-wide physical 8067M (734M free)
TotalPageFile size 23210M (AvailPageFile size 127M)
current process WorkingSet (physical memory assigned to process): 10M, peak: 10M
current process commit charge ("private bytes"): 51M, peak: 179M

vm_info: Java HotSpot(TM) 64-Bit Server VM (21.0.1+12-LTS-29) for windows-amd64 JRE (21.0.1+12-LTS-29), built on 2023-10-05T13:27:09Z by "mach5one" with MS VC++ 17.1 (VS2022)

END.
